2024-02-16 17:24:32,428 - INFO - [Info] INIT Mutator!!!!
2024-02-16 17:24:32,428 - INFO - [Info] Total mutate times: 2401
2024-02-16 17:24:32,463 - INFO - [Info] New testcase found, tbytes: 7, testcase: b'Abcd'
2024-02-16 17:24:32,463 - INFO - [Info] FindEditPath, s1:b'Abcd', string_list:[]
2024-02-16 17:24:32,463 - INFO - [Info] Edit path: []
2024-02-16 17:24:32,504 - INFO - [Info] New testcase found, tbytes: 8, testcase: b'FUZZ'
2024-02-16 17:24:32,504 - INFO - [Info] FindEditPath, s1:b'FUZZ', string_list:[b'Abcd']
2024-02-16 17:24:32,504 - INFO - [Info] Edit path: [(b'Abcd', 4, [('substitute', 0, b'A'), ('substitute', 1, b'b'), ('substitute', 2, b'c'), ('substitute', 3, b'd')])]
2024-02-16 17:24:33,772 - INFO - [Info] Start mutator, buf:bytearray(b'FUZZ')
2024-02-16 17:25:05,046 - INFO - [Info] INIT Mutator!!!!
2024-02-16 17:25:05,046 - INFO - [Info] Total mutate times: 2401
2024-02-16 17:25:05,077 - INFO - [Info] New testcase found, tbytes: 7, testcase: b'Abcd'
2024-02-16 17:25:05,077 - INFO - [Info] FindEditPath, s1:b'Abcd', string_list:[]
2024-02-16 17:25:05,077 - INFO - [Info] Edit path: []
2024-02-16 17:25:05,116 - INFO - [Info] New testcase found, tbytes: 8, testcase: b'FUZZ'
2024-02-16 17:25:05,116 - INFO - [Info] FindEditPath, s1:b'FUZZ', string_list:[b'Abcd']
2024-02-16 17:25:05,117 - INFO - [Info] Edit path: [(b'Abcd', 4, [('substitute', 0, b'A'), ('substitute', 1, b'b'), ('substitute', 2, b'c'), ('substitute', 3, b'd')])]
2024-02-16 17:25:06,209 - INFO - [Info] Start mutator, buf:bytearray(b'Abcd')
2024-02-16 17:25:06,335 - INFO - [Info] Bmutate, res len: 1201
2024-02-16 17:25:06,337 - INFO - [Info] Mutate result len: 2402
2024-02-16 17:25:18,312 - INFO - [Info] New testcase found, tbytes: 10, testcase: b'd'
2024-02-16 17:25:18,312 - INFO - [Info] FindEditPath, s1:b'd', string_list:[b'Abcd', b'FUZZ']
2024-02-16 17:25:18,312 - INFO - [Info] Edit path: [(b'Abcd', 3, [('insert', 0, b'A'), ('insert', 1, b'b'), ('insert', 2, b'c')])]
2024-02-16 17:25:39,640 - INFO - [Info] Start mutator, buf:bytearray(b'FUZZ')
2024-02-16 17:25:39,727 - INFO - [Info] Bmutate, res len: 1201
2024-02-16 17:25:39,728 - INFO - [Info] Mutate result len: 2402
2024-02-16 17:26:00,058 - INFO - [Info] Start mutator, buf:bytearray(b'd')
2024-02-16 17:26:00,143 - INFO - [Info] Bmutate, res len: 1201
2024-02-16 17:26:00,144 - INFO - [Info] Mutate result len: 2402
